app/build/outputs/mapping/release/seeds.txt
com.example.wearcompass.presentation.CompassScreenKt$CompassScreen$1$7$1$1$1$invoke$$inlined$items$default$2
com.example.wearcompass.presentation.ComposableSingletons$CompassScreenKt$lambda-2$1
com.example.wearcompass.location.WaypointLocationManager
com.example.wearcompass.presentation.CompassScreenKt$CompassScreen$1$3$1
com.example.wearcompass.location.Waypoint
com.example.wearcompass.presentation.CompassScreenKt$CompassScreen$2
com.example.wearcompass.MainActivity
com.example.wearcompass.presentation.CompassScreenKt
com.example.wearcompass.R$style
com.example.wearcompass.presentation.CompassScreenKt$CompassScreen$1$5$1$1$1$1
com.example.wearcompass.presentation.CompassScreenKt$CompassScreen$1$3$3$1
com.example.wearcompass.presentation.CompassScreenKt$CompassScreen$1$7$1$1$1$1$2$1
com.example.wearcompass.presentation.CompassScreenKt$CompassScreen$1$6$1
com.example.wearcompass.presentation.CompassScreenKt$CompassScreen$1$7$1$1$1$invoke$$inlined$items$default$4
com.example.wearcompass.presentation.ComposableSingletons$CompassScreenKt
com.example.wearcompass.location.WaypointLocationManager$deleteWaypoint$1
com.example.wearcompass.presentation.CompassScreenKt$CompassScreen$1$1$1
com.example.wearcompass.R
com.example.wearcompass.R$string
com.example.wearcompass.sensor.CompassSensorManager
com.example.wearcompass.presentation.CompassScreenKt$CompassScreen$1$4$1
com.example.wearcompass.presentation.ComposableSingletons$CompassScreenKt$lambda-1$1
com.example.wearcompass.presentation.CompassScreenKt$CompassScreen$1$7$1$1$1
com.example.wearcompass.presentation.CompassScreenKt$CompassScreen$1$7$1$1$1$1$1
com.example.wearcompass.MainActivity$onCreate$1
com.example.wearcompass.presentation.CompassScreenKt$CompassScreen$1$7$1$1$2$1
com.example.wearcompass.presentation.CompassScreenKt$CompassScreen$1$7$1$1$1$invoke$$inlined$items$default$1
com.example.wearcompass.presentation.CompassScreenKt$CompassScreen$1$7$1$1$1$invoke$$inlined$items$default$3
com.example.wearcompass.presentation.CompassScreenKt$CompassScreen$1$1$1: kotlin.Pair $distAndBearing
com.example.wearcompass.sensor.CompassSensorManager: boolean hasGeomagnetic
com.example.wearcompass.presentation.CompassScreenKt$CompassScreen$1$7$1$1$1$invoke$$inlined$items$default$3: kotlin.jvm.functions.Function1 $contentType
com.example.wearcompass.location.WaypointLocationManager: kotlinx.coroutines.flow.MutableStateFlow _currentLocation
com.example.wearcompass.presentation.CompassScreenKt$CompassScreen$1$6$1: androidx.compose.runtime.MutableState $showWaypointListModal$delegate
com.example.wearcompass.location.WaypointLocationManager: int $stable
com.example.wearcompass.presentation.CompassScreenKt$CompassScreen$1$5$1$1$1$1: java.lang.String $name
com.example.wearcompass.presentation.CompassScreenKt$CompassScreen$1$7$1$1$1$1$1: androidx.compose.runtime.MutableState $showWaypointListModal$delegate
com.example.wearcompass.presentation.CompassScreenKt$CompassScreen$1$7$1$1$1$invoke$$inlined$items$default$2: kotlin.jvm.functions.Function1 $key
com.example.wearcompass.sensor.CompassSensorManager: float[] gravity
com.example.wearcompass.presentation.CompassScreenKt$CompassScreen$1$5$1$1$1$1: com.example.wearcompass.location.WaypointLocationManager $locationManager
com.example.wearcompass.MainActivity$onCreate$1: com.example.wearcompass.MainActivity this$0
com.example.wearcompass.sensor.CompassSensorManager: android.hardware.Sensor magnetometerSensor
com.example.wearcompass.sensor.CompassSensorManager: android.hardware.Sensor accelerometerSensor
com.example.wearcompass.location.Waypoint: double longitude
com.example.wearcompass.location.Waypoint: java.lang.String id
com.example.wearcompass.location.Waypoint: int $stable
com.example.wearcompass.presentation.CompassScreenKt$CompassScreen$1$7$1$1$2$1: androidx.compose.runtime.MutableState $showWaypointListModal$delegate
com.example.wearcompass.location.WaypointLocationManager$deleteWaypoint$1: com.example.wearcompass.location.Waypoint $waypoint
...
kotlinx.coroutines.CancellableContinuationImpl: java.lang.Object _state
kotlinx.coroutines.internal.LockFreeLinkedListNode: java.lang.Object _next
kotlinx.coroutines.channels.BufferedChannel: long completedExpandBuffersAndPauseFlag
kotlinx.coroutines.DefaultExecutor: int debugStatus
kotlinx.coroutines.android.HandlerDispatcherKt: android.view.Choreographer choreographer
kotlinx.coroutines.internal.DispatchedContinuation: java.lang.Object _reusableCancellableContinuation
androidx.concurrent.futures.AbstractResolvableFuture: androidx.concurrent.futures.AbstractResolvableFuture$Waiter waiters
kotlinx.coroutines.scheduling.CoroutineScheduler$Worker: java.lang.Object nextParkedWorker
kotlinx.coroutines.CancellableContinuationImpl: int _decisionAndIndex
androidx.concurrent.futures.AbstractResolvableFuture: java.lang.Object value
kotlinx.coroutines.sync.SemaphoreImpl: long enqIdx
kotlinx.coroutines.JobSupport: java.lang.Object _state
kotlinx.coroutines.android.AndroidExceptionPreHandler: java.lang.Object _preHandler
kotlinx.coroutines.scheduling.WorkQueue: java.lang.Object lastScheduledTask
androidx.activity.result.ActivityResult: android.os.Parcelable$Creator CREATOR
androidx.lifecycle.Lifecycle$Event: androidx.lifecycle.Lifecycle$Event ON_ANY
kotlinx.coroutines.scheduling.CoroutineScheduler: long controlState
com.google.android.gms.signin.internal.zag: android.os.Parcelable$Creator CREATOR
com.google.android.gms.common.api.Status: android.os.Parcelable$Creator CREATOR
androidx.activity.ComponentActivity: int mContentLayoutId
kotlinx.coroutines.internal.ConcurrentLinkedListNode: java.lang.Object _next
androidx.versionedparcelable.ParcelImpl: android.os.Parcelable$Creator CREATOR
com.google.android.gms.common.internal.zat: android.os.Parcelable$Creator CREATOR
kotlinx.coroutines.EventLoopImplBase$DelayedTask: java.lang.Object _heap
kotlinx.coroutines.android.HandlerContext: kotlinx.coroutines.android.HandlerContext _immediate
kotlinx.coroutines.internal.LockFreeTaskQueueCore: java.lang.Object _next
kotlinx.coroutines.internal.LockFreeLinkedListNode: java.lang.Object _removedRef
kotlinx.coroutines.sync.SemaphoreImpl: int _availablePermits
kotlinx.coroutines.InvokeOnCancelling: int _invoked
kotlinx.coroutines.internal.AtomicOp: java.lang.Object _consensus
androidx.lifecycle.Lifecycle$Event: androidx.lifecycle.Lifecycle$Event ON_RESUME
kotlin.jvm.internal.Lambda: int arity
androidx.concurrent.futures.AbstractResolvableFuture: androidx.concurrent.futures.AbstractResolvableFuture$Listener listeners
androidx.activity.ComponentActivity: boolean mDispatchingOnPictureInPictureModeChanged
androidx.activity.ComponentActivity: java.util.concurrent.CopyOnWriteArrayList mOnTrimMemoryListeners
androidx.lifecycle.Lifecycle$Event: androidx.lifecycle.Lifecycle$Event ON_STOP
kotlinx.coroutines.DispatchedCoroutine: int _decision
kotlinx.coroutines.channels.BufferedChannel: java.lang.Object bufferEndSegment
kotlinx.coroutines.channels.BufferedChannel: java.lang.Object receiveSegment
com.google.android.gms.dynamite.DynamiteModule$DynamiteLoaderClassLoader: java.lang.ClassLoader sClassLoader
androidx.compose.runtime.ParcelableSnapshotMutableState: android.os.Parcelable$Creator CREATOR
androidx.lifecycle.ReportFragment$LifecycleCallbacks: androidx.lifecycle.ReportFragment$LifecycleCallbacks$Companion Companion
kotlinx.coroutines.channels.BufferedChannel: long receivers
kotlinx.coroutines.internal.LimitedDispatcher: int runningWorkers
androidx.concurrent.futures.AbstractResolvableFuture$Waiter: java.lang.Thread thread
com.google.android.gms.signin.internal.zaa: android.os.Parcelable$Creator CREATOR
androidx.activity.ComponentActivity: androidx.activity.result.ActivityResultRegistry mActivityResultRegistry
com.google.android.gms.common.internal.MethodInvocation: android.os.Parcelable$Creator CREATOR
kotlin.SafePublicationLazyImpl: java.lang.Object _value