app/build/outputs/mapping/release/mapping.txt
# compiler: R8
# compiler_version: 8.3.37
# min_api: 30
# common_typos_disable
# {"id":"com.android.tools.r8.mapping","version":"2.2"}
# pg_map_id: ea790a7
# pg_map_hash: SHA-256 ea790a79f4f54243c4ff58d36955c61dde7f0450b68f1a3fd23eebd84a5335d2
com.example.wearcompass.MainActivity -> com.example.wearcompass.MainActivity:
# {"id":"sourceFile","fileName":"MainActivity.kt"}
    androidx.activity.result.ActivityResultLauncher requestPermissionLauncher -> requestPermissionLauncher
      # {"id":"com.android.tools.r8.residualsignature","signature":"Ld/d;"}
    0:2:void <init>():14:14 -> <init>
    3:4:void <init>():20:20 -> <init>
    5:7:void androidx.activity.result.contract.ActivityResultContract.<init>():0:0 -> <init>
    5:7:void androidx.activity.result.contract.ActivityResultContracts$RequestMultiplePermissions.<init>():138 -> <init>
    5:7:void <init>():20 -> <init>
    8:24:void <init>():19:19 -> <init>
    0:2:com.example.wearcompass.location.WaypointLocationManager access$getLocationManager$p(com.example.wearcompass.MainActivity):14:14 -> access$getLocationManager$p
    0:2:com.example.wearcompass.sensor.CompassSensorManager access$getSensorManager$p(com.example.wearcompass.MainActivity):14:14 -> access$getSensorManager$p
    0:3:void $r8$lambda$1G1SyX4KrCcNL0iZZvSF5ReY6Nw(com.example.wearcompass.MainActivity,java.util.Map):0:0 -> c
      # {"id":"com.android.tools.r8.synthesized"}
    0:5:void checkAndRequestPermissions():45:45 -> checkAndRequestPermissions
    6:15:void checkAndRequestPermissions():46:46 -> checkAndRequestPermissions
    16:17:void checkAndRequestPermissions():49:49 -> checkAndRequestPermissions
    18:21:void checkAndRequestPermissions():52:52 -> checkAndRequestPermissions
com.example.wearcompass.MainActivity$onCreate$1 -> com.example.wearcompass.MainActivity$onCreate$1:
# {"id":"sourceFile","fileName":"MainActivity.kt"}
    1:1:void invoke(androidx.compose.runtime.Composer,int):0:0 -> invoke
      # {"id":"com.android.tools.r8.residualsignature","signature":"(Lx/m;I)V"}
    2:2:void invoke(androidx.compose.runtime.Composer,int):37:37 -> invoke
    3:3:void invoke(androidx.compose.runtime.Composer,int):40:40 -> invoke
    4:5:void invoke(androidx.compose.runtime.Composer,int):38:39 -> invoke
    6:6:void invoke(androidx.compose.runtime.Composer,int):37:37 -> invoke
    7:7:void invoke(androidx.compose.runtime.Composer,int):39:39 -> invoke
    8:8:void invoke(androidx.compose.runtime.Composer,int):38:38 -> invoke
    9:9:java.lang.Object invoke(java.lang.Object,java.lang.Object):36:36 -> invoke
com.example.wearcompass.location.Waypoint -> com.example.wearcompass.location.Waypoint:
# {"id":"sourceFile","fileName":"WaypointLocationManager.kt"}
    1:1:void <init>(java.lang.String,java.lang.String,double,double,long,int,kotlin.jvm.internal.DefaultConstructorMarker):0:0 -> <init>
      # {"id":"com.android.tools.r8.residualsignature","signature":"(Ljava/lang/String;Ljava/lang/String;DDJILq1/e;)V"}
    2:2:void <init>(java.lang.String,java.lang.String,double,double,long,int,kotlin.jvm.internal.DefaultConstructorMarker):20:20 -> <init>
    3:3:void <init>(java.lang.String,java.lang.String,double,double,long,int,kotlin.jvm.internal.DefaultConstructorMarker):15:15 -> <init>
    4:9:void <init>(java.lang.String,java.lang.String,double,double,long):15:20 -> <init>
    0:2:java.lang.String getId():16:16 -> getId
    0:2:double getLatitude():18:18 -> getLatitude
    0:2:double getLongitude():19:19 -> getLongitude
    0:2:java.lang.String getName():17:17 -> getName
    0:2:long getTimestamp():20:20 -> getTimestamp
...
androidx.compose.foundation.lazy.LazyListItemAnimator$onMeasured$$inlined$sortBy$1 -> p.i:
# {"id":"sourceFile","fileName":"Comparisons.kt"}
    int $r8$classId -> a
      # {"id":"com.android.tools.r8.synthesized"}
    androidx.compose.foundation.lazy.layout.LazyLayoutKeyIndexMap $previousKeyToIndexMap$inlined -> b
      # {"id":"com.android.tools.r8.residualsignature","signature":"Ljava/lang/Object;"}
    0:7:void <init>(int,java.lang.Object):0:0 -> <init>
      # {"id":"com.android.tools.r8.synthesized"}
      # {"id":"com.android.tools.r8.residualsignature","signature":"(ILjava/lang/Object;)V"}
    0:6:int compare(java.lang.Object,java.lang.Object):0:0 -> compare
      # {"id":"com.android.tools.r8.synthesized"}
    7:15:int androidx.compose.ui.platform.AndroidComposeViewAccessibilityDelegateCompat$semanticComparator$$inlined$thenBy$2.compare(java.lang.Object,java.lang.Object):144:144 -> compare
    7:15:int compare(java.lang.Object,java.lang.Object):0 -> compare
    16:17:int androidx.compose.ui.platform.AndroidComposeViewAccessibilityDelegateCompat$semanticComparator$$inlined$thenBy$2.compare(java.lang.Object,java.lang.Object):145:145 -> compare
    16:17:int compare(java.lang.Object,java.lang.Object):0 -> compare
    18:19:int androidx.compose.ui.semantics.SemanticsNode.getId():118:118 -> compare
androidx.compose.foundation.lazy.LazyListItemAnimator$onMeasured$$inlined$sortBy$2 -> R8$$REMOVED$$CLASS$$134:
# {"id":"sourceFile","fileName":"Comparisons.kt"}
androidx.compose.foundation.lazy.LazyListItemAnimator$onMeasured$$inlined$sortByDescending$1 -> R8$$REMOVED$$CLASS$$135:
# {"id":"sourceFile","fileName":"Comparisons.kt"}
androidx.compose.foundation.lazy.LazyListItemAnimator$onMeasured$$inlined$sortByDescending$2 -> R8$$REMOVED$$CLASS$$136:
# {"id":"sourceFile","fileName":"Comparisons.kt"}
androidx.compose.foundation.lazy.LazyListItemInfo -> p.k:
# {"id":"sourceFile","fileName":"LazyListItemInfo.kt"}
androidx.compose.foundation.lazy.LazyListItemProvider -> p.l:
# {"id":"sourceFile","fileName":"LazyListItemProvider.kt"}
androidx.compose.foundation.lazy.LazyListItemProviderImpl -> p.o:
# {"id":"sourceFile","fileName":"LazyListItemProvider.kt"}
    androidx.compose.foundation.lazy.LazyListState state -> a
      # {"id":"com.android.tools.r8.residualsignature","signature":"Lp/I;"}
    androidx.compose.foundation.lazy.LazyListIntervalContent intervalContent -> b
      # {"id":"com.android.tools.r8.residualsignature","signature":"Lp/g;"}
    androidx.compose.foundation.lazy.LazyItemScopeImpl itemScope -> c
      # {"id":"com.android.tools.r8.residualsignature","signature":"Lp/c;"}
    androidx.compose.foundation.lazy.layout.LazyLayoutKeyIndexMap keyIndexMap -> d
      # {"id":"com.android.tools.r8.residualsignature","signature":"Lq/t;"}
    0:2:void <init>(androidx.compose.foundation.lazy.LazyListState,androidx.compose.foundation.lazy.LazyListIntervalContent,androidx.compose.foundation.lazy.LazyItemScopeImpl,androidx.compose.foundation.lazy.layout.LazyLayoutKeyIndexMap):65:65 -> <init>
      # {"id":"com.android.tools.r8.residualsignature","signature":"(Lp/I;Lp/g;Lp/c;Lq/S;)V"}
    3:4:void <init>(androidx.compose.foundation.lazy.LazyListState,androidx.compose.foundation.lazy.LazyListIntervalContent,androidx.compose.foundation.lazy.LazyItemScopeImpl,androidx.compose.foundation.lazy.layout.LazyLayoutKeyIndexMap):67:67 -> <init>