app/build/outputs/mapping/release/usage.txt
com.example.wearcompass.MainActivity$$InternalSyntheticLambda$1$58b96709ccdfed4d8cae900a1f19d24f132937ec788c54e2029b477c209e242d$0
com.example.wearcompass.MainActivity:
    static void <clinit>()
com.example.wearcompass.location.Waypoint:
    static void <clinit>()
com.example.wearcompass.location.WaypointLocationManager:
    static void <clinit>()
com.example.wearcompass.sensor.CompassSensorManager:
    static void <clinit>()
...
androidx.compose.foundation.layout.BoxWithConstraintsKt
androidx.compose.foundation.layout.BoxWithConstraintsScope
androidx.compose.foundation.layout.BoxWithConstraintsScopeImpl
androidx.compose.foundation.layout.ColumnKt:
    public static final void Column(androidx.compose.ui.Modifier,androidx.compose.foundation.layout.Arrangement$Vertical,androidx.compose.ui.Alignment$Horizontal,kotlin.jvm.functions.Function3,androidx.compose.runtime.Composer,int,int)
    public static final androidx.compose.ui.layout.MeasurePolicy getDefaultColumnMeasurePolicy()
    public static synthetic void getDefaultColumnMeasurePolicy$annotations()
androidx.compose.foundation.layout.ColumnScope$DefaultImpls
androidx.compose.foundation.layout.ColumnScope:
    public abstract androidx.compose.ui.Modifier align(androidx.compose.ui.Modifier,androidx.compose.ui.Alignment$Horizontal)
    public abstract androidx.compose.ui.Modifier alignBy(androidx.compose.ui.Modifier,androidx.compose.ui.layout.VerticalAlignmentLine)
    public abstract androidx.compose.ui.Modifier alignBy(androidx.compose.ui.Modifier,kotlin.jvm.functions.Function1)
androidx.compose.foundation.layout.ColumnScopeInstance:
    public static final int $stable
    public androidx.compose.ui.Modifier align(androidx.compose.ui.Modifier,androidx.compose.ui.Alignment$Horizontal)
    public androidx.compose.ui.Modifier alignBy(androidx.compose.ui.Modifier,androidx.compose.ui.layout.VerticalAlignmentLine)
    public androidx.compose.ui.Modifier alignBy(androidx.compose.ui.Modifier,kotlin.jvm.functions.Function1)
androidx.compose.foundation.layout.ConsumedInsetsModifier
androidx.compose.foundation.layout.CrossAxisAlignment$AlignmentLineCrossAxisAlignment
androidx.compose.foundation.layout.CrossAxisAlignment$Companion:
    public final androidx.compose.foundation.layout.CrossAxisAlignment AlignmentLine(androidx.compose.ui.layout.AlignmentLine)
    public final androidx.compose.foundation.layout.CrossAxisAlignment Relative$foundation_layout_release(androidx.compose.foundation.layout.AlignmentLineProvider)
    public final androidx.compose.foundation.layout.CrossAxisAlignment getCenter()
    public static synthetic void getCenter$annotations()
    public final androidx.compose.foundation.layout.CrossAxisAlignment getEnd()
    public static synthetic void getEnd$annotations()
    public final androidx.compose.foundation.layout.CrossAxisAlignment getStart()
    public static synthetic void getStart$annotations()
androidx.compose.foundation.layout.CrossAxisAlignment$HorizontalCrossAxisAlignment:
    public final androidx.compose.ui.Alignment$Horizontal component1()
    public final androidx.compose.foundation.layout.CrossAxisAlignment$HorizontalCrossAxisAlignment copy(androidx.compose.ui.Alignment$Horizontal)
    public static synthetic androidx.compose.foundation.layout.CrossAxisAlignment$HorizontalCrossAxisAlignment copy$default(androidx.compose.foundation.layout.CrossAxisAlignment$HorizontalCrossAxisAlignment,androidx.compose.ui.Alignment$Horizontal,int,java.lang.Object)
    public final androidx.compose.ui.Alignment$Horizontal getHorizontal()
androidx.compose.foundation.layout.CrossAxisAlignment$VerticalCrossAxisAlignment:
    public final androidx.compose.ui.Alignment$Vertical component1()
    public final androidx.compose.foundation.layout.CrossAxisAlignment$VerticalCrossAxisAlignment copy(androidx.compose.ui.Alignment$Vertical)
    public static synthetic androidx.compose.foundation.layout.CrossAxisAlignment$VerticalCrossAxisAlignment copy$default(androidx.compose.foundation.layout.CrossAxisAlignment$VerticalCrossAxisAlignment,androidx.compose.ui.Alignment$Vertical,int,java.lang.Object)
    public final androidx.compose.ui.Alignment$Vertical getVertical()